f:\github\networkpackagegrab\networkgrabpackage\networkgrabpackage\x64\release\vc143.pdb
f:\github\networkpackagegrab\networkgrabpackage\networkgrabpackage\x64\release\packetparser.obj
f:\github\networkpackagegrab\networkgrabpackage\networkgrabpackage\x64\release\packetcapture.obj
f:\github\networkpackagegrab\networkgrabpackage\networkgrabpackage\x64\release\networkinterface.obj
f:\github\networkpackagegrab\networkgrabpackage\networkgrabpackage\x64\release\main.obj
f:\github\networkpackagegrab\networkgrabpackage\networkgrabpackage\x64\release\application.obj
f:\project\cppproject\networkgrabpackage\x64\release\networkgrabpackage.exe
f:\project\cppproject\networkgrabpackage\x64\release\networkgrabpackage.pdb
f:\github\networkpackagegrab\networkgrabpackage\x64\release\networkgrabpackage.exe
f:\github\networkpackagegrab\networkgrabpackage\x64\release\networkgrabpackage.pdb
f:\project\cppproject\networkgrabpackage\networkgrabpackage\x64\release\networkgrabpackage.res
f:\github\networkpackagegrab\networkgrabpackage\networkgrabpackage\x64\release\networkgrabpackage.res
f:\github\networkpackagegrab\networkgrabpackage\networkgrabpackage\x64\release\networkgrabpackage.ipdb
f:\github\networkpackagegrab\networkgrabpackage\networkgrabpackage\x64\release\networkgrabpackage.iobj
f:\code projects\networkpackagegrab\networkgrabpackage\networkgrabpackage\x64\release\application.obj
f:\code projects\networkpackagegrab\networkgrabpackage\networkgrabpackage\x64\release\main.obj
f:\code projects\networkpackagegrab\networkgrabpackage\networkgrabpackage\x64\release\networkinterface.obj
f:\code projects\networkpackagegrab\networkgrabpackage\networkgrabpackage\x64\release\packetcapture.obj
f:\code projects\networkpackagegrab\networkgrabpackage\networkgrabpackage\x64\release\packetparser.obj
f:\code projects\networkpackagegrab\networkgrabpackage\networkgrabpackage\x64\release\networkgrabpackage.ipdb
f:\code projects\networkpackagegrab\networkgrabpackage\networkgrabpackage\x64\release\networkgrabpackage.iobj
f:\code projects\networkpackagegrab\networkgrabpackage\networkgrabpackage\x64\release\networkgrabpackage.res
f:\code projects\networkpackagegrab\networkgrabpackage\networkgrabpackage\x64\release\vc143.pdb
f:\code projects\networkpackagegrab\networkgrabpackage\x64\release\networkgrabpackage.pdb
f:\code projects\networkpackagegrab\networkgrabpackage\x64\release\networkgrabpackage.exe
f:\code projects\networkpackagegrab\networkgrabpackage\networkgrabpackage\x64\release\networkg.b5d64c84.tlog\cl.command.1.tlog
f:\code projects\networkpackagegrab\networkgrabpackage\networkgrabpackage\x64\release\networkg.b5d64c84.tlog\cl.items.tlog
f:\code projects\networkpackagegrab\networkgrabpackage\networkgrabpackage\x64\release\networkg.b5d64c84.tlog\cl.read.1.tlog
f:\code projects\networkpackagegrab\networkgrabpackage\networkgrabpackage\x64\release\networkg.b5d64c84.tlog\cl.write.1.tlog
f:\code projects\networkpackagegrab\networkgrabpackage\networkgrabpackage\x64\release\networkg.b5d64c84.tlog\link.command.1.tlog
f:\code projects\networkpackagegrab\networkgrabpackage\networkgrabpackage\x64\release\networkg.b5d64c84.tlog\link.read.1.tlog
f:\code projects\networkpackagegrab\networkgrabpackage\networkgrabpackage\x64\release\networkg.b5d64c84.tlog\link.secondary.1.tlog
f:\code projects\networkpackagegrab\networkgrabpackage\networkgrabpackage\x64\release\networkg.b5d64c84.tlog\link.write.1.tlog
f:\code projects\networkpackagegrab\networkgrabpackage\networkgrabpackage\x64\release\networkg.b5d64c84.tlog\rc.command.1.tlog
f:\code projects\networkpackagegrab\networkgrabpackage\networkgrabpackage\x64\release\networkg.b5d64c84.tlog\rc.read.1.tlog
f:\code projects\networkpackagegrab\networkgrabpackage\networkgrabpackage\x64\release\networkg.b5d64c84.tlog\rc.write.1.tlog
